LAPGRD  VERSION  4.36  17/07/06
COPYRIGHT AUSTRALIAN NATIONAL UNIVERSITY

SURFACE FILE NAME:
-----------------
output\RH_01-01.sur

SURFACE TITLE = RH_01-01
SURFACE UNITS =    

NUMBER OF SURFACES  =    1
ORDER OF DERIVATIVE =    3
NUMBER OF KNOTS     = 2466

NUMBER OF SPLINE INDEPENDENT VARIABLES =   2
NUMBER OF INDEPENDENT COVARIATES       =   1

VAR   LOWER LIMIT   UPPER LIMIT  TRANSF     UNITS   MARGINS
  1   69.0000       141.000           0     m       0.000       0.000    
  2   14.0000       56.0000           0     m       0.000       0.000    
  3  -96.2000       5861.70           1     m       0.000       0.000    
   TRANSFORMATION CONSTANT  =   1000.00    

SURFACE NUMBERS (0 T0  1):
0

TYPE OF SURFACE CALCULATION (0-1):
  0 - SUMMARY STATISTICS ONLY
  1 - ALL SURFACE VALUES
    1

ERROR COVARIANCE FILE (BLANK IF NO ERRORS REQUIRED):
---------------------------------------------------
output\RH_01-01.cov

TYPE OF ERROR CALCULATION (0-4):
  0 - STANDARD ERROR OF AVERAGE ONLY
  1 - MODEL STANDARD ERRORS
  2 - PREDICTION STANDARD ERRORS
  3 - 95% MODEL CONFIDENCE INTERVALS
  4 - 95% PREDICTION CONFIDENCE INTERVALS
    2

MAXIMUM STANDARD ERROR (BLANK OR 1 STANDARD ERROR):


GRID SPECIFICATIONS
-------------------
POSITION OPTION (0 - AT CELL CORNERS, 1 - AT CELL CENTRES):
    1

INDEX OF FIRST GRID VARIABLE (NORMALLY 1):
    1

LOWER LIMIT, UPPER LIMIT AND SPACING OF FIRST GRID VARIABLE:
   69.625000000000       140.37500000000      0.2500000    

INDEX OF SECOND GRID VARIABLE (NORMALLY 2):
    2

LOWER LIMIT, UPPER LIMIT AND SPACING OF SECOND GRID VARIABLE:
   14.625000000000       55.375000000000      0.2500000    

NUMBER OF COLUMNS =   283
NUMBER OF  ROWS   =   163

INPUT INDEPENDENT VARIABLE GRIDS
--------------------------------
MODE OF MASK GRID (0-3):
  0 - MASK GRID NOT SUPPLIED
  1 - GENERIC MASK GRID
  2 - ARC/INFO MASK GRID
  3 - IDRISI MASK IMAGE
    0

MODE OF 3RD INDEPENDENT VARIABLE (0-3):
  0 - USER SUPPLIED CONSTANT
  1 - GENERIC INDEPENDENT VARIABLE GRID
  2 - ARC/INFO INDEPENDENT VARIABLE GRID
  3 - IDRISI INDEPENDENT VARIABLE IMAGE
    2
INPUT GRID FILE NAME:
china_dem_025deg.txt

OUTPUT SURFACE GRIDS
--------------------
MODE OF OUTPUT GRIDS (0-3):
  0 - X,Y,Z FORMAT
  1 - GENERIC GRID BY ROWS
  2 - ARC/INFO GRID
  3 - IDRISI IMAGE
    0

SPECIAL VALUE FOR OUTPUT GRIDS:
  -9999.00    

NAME OF OUTPUT GRID FILE FOR SURFACE 1:
output\RH_01-01.grd

