SPLINA  VERSION 4.36  17/07/06
COPYRIGHT AUSTRALIAN NATIONAL UNIVERSITY

TITLE OF FITTED SURFACES (60 CHARS):
-----------------------------------
RH_01-01

SURFACE VALUE UNITS CODE AND MISSING DATA VALUE:
-----------------------------------------------
  0 - UNDEFINED
  1 - METRES
  2 - FEET
  3 - KILOMETRES
  4 - MILES
  5 - DEGREES
  6 - RADIANS
  7 - MILLIMETRES
  8 - MEGAJOULES
    0

INDEPENDENT VARIABLES
---------------------
NUMBER OF INDEPENDENT SPLINE VARIABLES (0 TO 10):
    2

NUMBER OF INDEPENDENT COVARIATES (0 TO  8):
    1

NUMBER OF SURFACE SPLINE VARIABLES (0 TO  7):
    0

NUMBER OF SURFACE COVARIATES (0 TO  7):
    0

TRANSFORMATION CODES            REFERENCE UNIT CODES
--------------------            --------------------
  0 - NO TRANSFORMATION           0 - UNDEFINED
  1 - X/A                         1 - METRES
  2 - X*A                         2 - FEET
  3 - A*LOG(X + B)                3 - KILOMETRES
  4 - (X/B)**A                    4 - MILES
  5 - A*EXP(X/B)                  5 - DEGREES
  6 - A*TANH(X/B)                 6 - RADIANS
  7 - ANISOTROPY ANGLE            7 - MILLIMETRES
  8 - ANISOTROPY FACTOR           8 - MEGAJOULES

LOWER & UPPER LIMITS, TRANSF CODE, REF UNIT, MARGIN(S) FOR VARIABLE  1:
   69.0000       141.000        0         1

LOWER & UPPER LIMITS, TRANSF CODE, REF UNIT, MARGIN(S) FOR VARIABLE  2:
   14.0000       56.0000        0         1

LOWER & UPPER LIMITS, TRANSF CODE, REF UNIT, MARGIN(S) FOR VARIABLE  3:
  -96.2000       5861.70        1         1
ENTER  1 TRANSFORMATION COEFFICIENT(S):
   1000.00    

SURFACE DIRECTIVES
------------------
DEPENDENT VARIABLE TRANSFORMATION:
  0 - NO TRANSFORMATION
  1 - NATURAL LOGARITHM
  2 - SQUARE ROOT
  5 - OCCURRENCE
    0

ORDER OF SPLINE (AT LEAST 2):
    3

NUMBER OF SURFACES (AT LEAST 1):
    1

NUMBER OF RELATIVE VARIANCES (0 OR 1):
    0

OPTIMIZATION DIRECTIVE (NORMALLY 1):
  0 - COMMON SMOOTHING PARAMETER FOR ALL SURFACES
  1 - COMMON SMOOTHING DIRECTIVE FOR ALL SURFACES
  2 - DIFFERENT SMOOTHING DIRECTIVE FOR EACH SURFACE
    1

SMOOTHING DIRECTIVE (NORMALLY 1):
  0 - FIXED SMOOTHING PARAMETER FOR EACH SURFACE
  1 - MINIMIZE GCV FOR EACH SURFACE
  2 - MINIMIZE TRUE MEAN SQUARE ERROR FOR EACH SURFACE
  3 - FIXED SIGNAL FOR EACH SURFACE
  4 - MINIMIZE GML FOR EACH SURFACE
    1

DATA FILE NAME:
--------------
RH_01-01.dat

MAXIMUM NUMBER OF DATA POINTS (AT LEAST  7):
    2470

NO. OF CHARACTERS IN SITE LABEL (0 TO 20):
    5

DATA FORMAT (SITE LABEL,  3 INDEP VARS,  1 SURFACES,  0 REL VARIANCES):
(a5,2f8.2,f8.1,2f8.2)

OUTPUT LARGE RESIDUAL FILE NAME (BLANK IF NOT REQUIRED):


OUTPUT OPTIMIZATION PARAMETERS FILE NAME (BLANK IF NOT REQUIRED):


OUTPUT SURFACE COEFFICIENTS FILE NAME (BLANK IF NOT REQUIRED):
output\RH_01-01.sur

OUTPUT DATA LIST FILE NAME (BLANK IF NOT REQUIRED):


OUTPUT ERROR COVARIANCE FILE NAME (BLANK IF NOT REQUIRED):
output\RH_01-01.cov

VALIDATION DATA FILE NAME (BLANK IF NOT REQUIRED):
-------------------------------------------------


DATA SUMMARY
------------
NUMBER OF DATA POINTS READ     =   2467
NUMBER OF POINTS WITHIN LIMITS =   2467

 SURF  MEAN RELATIVE VARIANCE  ROOT MEAN REL VAR
    1                1.00               1.00    

SURFACE STATISTICS
------------------
SURF       RHO    NPTS     ERROR    SIGNAL    SURF     MEAN     STD DEV
   1 0.298E-02    2466    1779.4     686.6       1   68.097       11.60    

SURF       GCV       MSR       VAR     SURF   RTGCV     RTMSR     RTVAR
   1      16.7      8.70      12.1        1    4.09      2.95      3.47    

SURF       GML       MSE       VAR     SURF   RTGML     RTMSE     RTVAR
   1      26.7      3.36      10.5        1    5.17      1.83      3.24    

SURF   COVARIATES AND STANDARD ERRORS
   1    -1.26        0.394    

RANKED ROOT MEAN SQUARE RESIDUALS
---------------------------------
     1   2235  58850    18.3    
     2   2056  58437    14.1    
     3   1646  57596    12.4    
     4   1160  56449    12.3    
     5   1658  57622    12.3    
     6   1216  56673    12.1    
     7   1163  56473    11.7    
     8   1236  56763    11.7    
     9   2166  58653    11.7    
    10    945  54826    11.6    
    11    155  51467    11.6    
    12   1413  57123    11.6    
    13    158  51470    11.5    
    14    514  53868    11.4    
    15   1220  56688    11.1    
    16   1184  56548    11.0    
    17   1198  56594    10.9    
    18   1265  56849    10.0    
    19   1361  57046    10.0    
    20    796  54507    9.75    
    21   2145  58619    9.60    
    22   1112  56278    9.53    
    23    276  52881    9.37    
    24   1194  56585    9.28    
    25    360  53517    9.27    
    26   2122  58561    9.24    
    27    422  53682    9.04    
    28   1334  57019    8.98    
    29   1020  55589    8.81    
    30   1170  56485    8.80    
    31    557  53927    8.66    
    32   1137  56374    8.61    
    33   1135  56371    8.56    
    34   1059  56096    8.42    
    35   1369  57055    8.38    
    36    157  51469    8.34    
    37    758  54421    8.28    
    38   2084  58474    8.23    
    39   1364  57049    8.05    
    40   1079  56178    8.05    
    41    833  54597    8.04    
    42    414  53673    8.01    
    43   1841  57957    7.89    
    44   1218  56675    7.86    
    45   1202  56641    7.84    
    46   1315  56986    7.75    
    47   1421  57134    7.75    
    48   1075  56168    7.63    
    49   1157  56441    7.58    
    50    293  52981    7.52    
    51    704  54304    7.46    
    52    421  53681    7.40    
    53   1539  57386    7.34    
    54   1468  57237    7.25    
    55   1659  57623    7.24    
    56   1330  57011    7.22    
    57   1411  57113    7.21    
    58   1570  57451    7.15    
    59    427  53690    7.09    
    60   1372  57060    7.02    
    61    601  53983    7.02    
    62    814  54529    6.99    
    63    396  53612    6.96    
    64   2205  58749    6.94    
    65    418  53678    6.90    
    66   1356  57041    6.83    
    67   2410  59470    6.82    
    68    804  54518    6.81    
    69   2236  58853    6.79    
    70   1392  57084    6.74    
    71   1353  57038    6.73    
    72   1260  56841    6.72    
    73    164  51559    6.67    
    74   1023  55597    6.64    
    75   2126  58566    6.62    
    76    498  53845    6.61    
    77   1432  57171    6.61    
    78    847  54614    6.59    
    79   2258  58940    6.59    
    80    289  52972    6.59    
    81   1459  57206    6.57    
    82    667  54209    6.51    
    83   1261  56842    6.50    
    84   1382  57074    6.49    
    85   1436  57177    6.48    
    86   1207  56651    6.46    
    87    985  54912    6.43    
    88   1304  56966    6.41    
    89    205  51828    6.41    
    90   1167  56479    6.39    
    91   1408  57106    6.38    
    92    580  53958    6.34    
    93    846  54613    6.34    
    94    600  53982    6.34    
    95    444  53732    6.33    
    96   1165  56475    6.32    
    97   1462  57213    6.27    
    98   1875  58011    6.26    
    99   1262  56843    6.26    
   100    584  53963    6.24    

RANKED ROOT MEAN SQUARE RESIDUALS FOR SURFACE  1
     1   2235  58850    18.3       *     49.7     68.0
     2   2056  58437    14.1       *     57.6     71.6
     3   1646  57596    12.4             60.5     72.9
     4   1160  56449   -12.3             70.0     57.7
     5   1658  57622   -12.3             92.6     80.3
     6   1216  56673    12.1             49.8     61.9
     7   1163  56473    11.7             52.9     64.6
     8   1236  56763    11.7             53.0     64.7
     9   2166  58653   -11.7             82.6     71.0
    10    945  54826    11.6             47.8     59.4
    11    155  51467    11.6             45.9     57.5
    12   1413  57123    11.6             48.5     60.1
    13    158  51470    11.5             60.1     71.6
    14    514  53868    11.4             45.0     56.4
    15   1220  56688    11.1             47.5     58.5
    16   1184  56548    11.0             50.1     61.1
    17   1198  56594    10.9             66.1     77.1
    18   1265  56849    10.0             63.3     73.3
    19   1361  57046    10.0             48.2     58.2
    20    796  54507   -9.75             65.3     55.5
    21   2145  58619    9.60             68.2     77.8
    22   1112  56278   -9.53             84.8     75.3
    23    276  52881    9.37             35.4     44.8
    24   1194  56585   -9.28             79.2     69.9
    25    360  53517    9.27             43.2     52.5
    26   2122  58561    9.24             61.0     70.2
    27    422  53682   -9.04             63.1     54.1
    28   1334  57019   -8.98             72.2     63.2
    29   1020  55589   -8.81             39.5     30.7
    30   1170  56485   -8.80             84.3     75.5
    31    557  53927   -8.66             69.8     61.2
    32   1137  56374   -8.61             60.4     51.7
    33   1135  56371    8.56             50.8     59.4
    34   1059  56096    8.42             50.5     58.9
    35   1369  57055   -8.38             68.4     60.1
    36    157  51469    8.34             46.2     54.6
    37    758  54421    8.28             42.0     50.3
    38   2084  58474    8.23             60.8     69.0
    39   1364  57049   -8.05             70.1     62.0
    40   1079  56178    8.05             42.4     50.5
    41    833  54597    8.04             40.8     48.9
    42    414  53673    8.01             40.8     48.8
    43   1841  57957    7.89             62.0     69.9
    44   1218  56675   -7.86             69.1     61.2
    45   1202  56641   -7.84             73.1     65.3
    46   1315  56986   -7.75             87.3     79.5
    47   1421  57134    7.75             61.3     69.1
    48   1075  56168   -7.63             54.2     46.5
    49   1157  56441    7.58             37.0     44.6
    50    293  52981    7.52             50.0     57.6
    51    704  54304   -7.46             62.6     55.1
    52    421  53681   -7.40             56.8     49.4
    53   1539  57386    7.34             64.3     71.6
    54   1468  57237    7.25             66.7     74.0
    55   1659  57623    7.24             73.3     80.5
    56   1330  57011   -7.22             72.3     65.0
    57   1411  57113    7.21             59.7     66.9
    58   1570  57451   -7.15             83.5     76.3
    59    427  53690    7.09             43.4     50.5
    60   1372  57060   -7.02             64.2     57.2
    61    601  53983   -7.02             73.6     66.6
    62    814  54529   -6.99             69.4     62.4
    63    396  53612    6.96             41.3     48.2
    64   2205  58749   -6.94             77.5     70.6
    65    418  53678   -6.90             58.1     51.2
    66   1356  57041   -6.83             67.1     60.2
    67   2410  59470   -6.82             83.5     76.7
    68    804  54518   -6.81             67.7     60.9
    69   2236  58853   -6.79             79.4     72.6
    70   1392  57084    6.74             47.5     54.2
    71   1353  57038   -6.73             68.6     61.8
    72   1260  56841   -6.72             83.4     76.7
    73    164  51559   -6.67             73.8     67.2
    74   1023  55597    6.64             23.0     29.6
    75   2126  58566    6.62             61.8     68.4
    76    498  53845    6.61             49.6     56.2
    77   1432  57171    6.61             60.9     67.5
    78    847  54614   -6.59             71.7     65.1
    79   2258  58940    6.59             62.5     69.1
    80    289  52972    6.59             38.5     45.1
    81   1459  57206    6.57             65.0     71.6
    82    667  54209   -6.51             79.5     73.0
    83   1261  56842    6.50             66.1     72.6
    84   1382  57074   -6.49             62.1     55.7
    85   1436  57177    6.48             66.1     72.5
    86   1207  56651    6.46             46.3     52.7
    87    985  54912   -6.43             75.3     68.9
    88   1304  56966    6.41             68.9     75.3
    89    205  51828    6.41             53.5     59.9
    90   1167  56479   -6.39             74.7     68.3
    91   1408  57106    6.38             65.5     71.9
    92    580  53958    6.34             48.2     54.5
    93    846  54613    6.34             57.2     63.5
    94    600  53982    6.34             50.8     57.1
    95    444  53732   -6.33             57.5     51.2
    96   1165  56475   -6.32             69.1     62.7
    97   1462  57213   -6.27             84.6     78.3
    98   1875  58011    6.26             65.2     71.5
    99   1262  56843   -6.26             77.2     70.9
   100    584  53963   -6.24             63.7     57.5

PROGRAM SPLINA  VERSION 4.36  DATE 24/03/2023  TIME 11.01.19
